\BOOKMARK [1][-]{section.1}{\376\377\230\171\166\356\151\202\217\360}{}% 1
\BOOKMARK [2][-]{subsection.1.1}{\376\377\116\300\116\110\146\057\137\000\145\076\213\315\154\107\166\356\150\007\150\300\155\113\377\037}{section.1}% 2
\BOOKMARK [2][-]{subsection.1.2}{\376\377\000G\000r\000o\000u\000n\000d\000i\000n\000g\000\040\000D\000I\000N\000O\000\040\173\200\116\313}{section.1}% 3
\BOOKMARK [2][-]{subsection.1.3}{\376\377\147\054\230\171\166\356\120\132\116\206\116\300\116\110}{section.1}% 4
\BOOKMARK [1][-]{section.2}{\376\377\152\041\127\213\147\266\147\204}{}% 5
\BOOKMARK [2][-]{subsection.2.1}{\376\377\116\011\131\047\150\070\137\303\176\304\116\366}{section.2}% 6
\BOOKMARK [2][-]{subsection.2.2}{\376\377\143\250\164\006\155\101\172\013}{section.2}% 7
\BOOKMARK [1][-]{section.3}{\376\377\133\236\232\214\213\276\177\156}{}% 8
\BOOKMARK [2][-]{subsection.3.1}{\376\377\145\160\143\156\226\306}{section.3}% 9
\BOOKMARK [2][-]{subsection.3.2}{\376\377\133\236\232\214\163\257\130\203}{section.3}% 10
\BOOKMARK [2][-]{subsection.3.3}{\376\377\213\304\117\060\143\007\150\007}{section.3}% 11
\BOOKMARK [1][-]{section.4}{\376\377\133\236\232\214\176\323\147\234}{}% 12
\BOOKMARK [2][-]{subsection.4.1}{\376\377\116\073\211\201\176\323\147\234\377\032\133\214\145\164\000\040\000C\000O\000C\000O\000\040\000v\000a\000l\0002\0000\0001\0007}{section.4}% 13
\BOOKMARK [2][-]{subsection.4.2}{\376\377\155\210\207\215\133\236\232\214\000\040\000A\377\032\226\010\120\074\145\117\141\037\136\246}{section.4}% 14
\BOOKMARK [2][-]{subsection.4.3}{\376\377\155\210\207\215\133\236\232\214\000\040\000B\377\032\143\320\171\072\213\315\150\074\137\017}{section.4}% 15
\BOOKMARK [2][-]{subsection.4.4}{\376\377\133\232\140\047\122\006\147\220}{section.4}% 16
\BOOKMARK [3][-]{subsubsection.4.4.1}{\376\377\142\020\122\237\150\110\117\213}{subsection.4.4}% 17
\BOOKMARK [3][-]{subsubsection.4.4.2}{\376\377\131\061\215\045\152\041\137\017}{subsection.4.4}% 18
\BOOKMARK [1][-]{section.5}{\376\377\213\250\213\272}{}% 19
\BOOKMARK [2][-]{subsection.5.1}{\376\377\116\016\133\230\145\271\176\323\147\234\166\204\133\371\153\324}{section.5}% 20
\BOOKMARK [2][-]{subsection.5.2}{\376\377\116\073\211\201\134\100\226\120\140\047}{section.5}% 21
\BOOKMARK [2][-]{subsection.5.3}{\376\377\147\052\147\145\145\271\124\021}{section.5}% 22
\BOOKMARK [1][-]{section.6}{\376\377\230\171\166\356\133\236\163\260}{}% 23
\BOOKMARK [2][-]{subsection.6.1}{\376\377\116\343\170\001\147\266\147\204}{section.6}% 24
\BOOKMARK [2][-]{subsection.6.2}{\376\377\217\320\210\114\124\175\116\344\220\037\147\345}{section.6}% 25
\BOOKMARK [1][-]{section.7}{\376\377\176\323\213\272}{}% 26
